TN:
SF:/Users/joggink/Dropbox/www/clients/depersgroep/web-javascript-libraries/src/classes/cycle.js
FN:47,Cycle
FN:64,(anonymous_2)
FN:109,setupCycle
FN:113,(anonymous_4)
FN:132,(anonymous_5)
FN:139,navEvents
FN:141,(anonymous_7)
FN:146,(anonymous_8)
FN:153,bulletEvents
FN:155,(anonymous_10)
FN:157,(anonymous_11)
FN:192,(anonymous_12)
FN:260,(anonymous_13)
FN:292,(anonymous_14)
FN:320,(anonymous_15)
FN:331,(anonymous_16)
FN:355,(anonymous_17)
FN:367,(anonymous_18)
FNF:18
FNH:16
FNDA:44,Cycle
FNDA:103,(anonymous_2)
FNDA:25,setupCycle
FNDA:75,(anonymous_4)
FNDA:1,(anonymous_5)
FNDA:18,navEvents
FNDA:16,(anonymous_7)
FNDA:17,(anonymous_8)
FNDA:16,bulletEvents
FNDA:48,(anonymous_10)
FNDA:31,(anonymous_11)
FNDA:105,(anonymous_12)
FNDA:27,(anonymous_13)
FNDA:20,(anonymous_14)
FNDA:0,(anonymous_15)
FNDA:0,(anonymous_16)
FNDA:76,(anonymous_17)
FNDA:44,(anonymous_18)
DA:47,1
DA:49,44
DA:50,44
DA:51,39
DA:109,1
DA:112,25
DA:113,25
DA:114,75
DA:115,25
DA:117,75
DA:120,25
DA:122,25
DA:123,18
DA:126,25
DA:127,16
DA:130,25
DA:132,5
DA:133,1
DA:139,1
DA:141,18
DA:142,16
DA:143,16
DA:146,18
DA:147,17
DA:148,17
DA:153,1
DA:155,16
DA:156,48
DA:157,48
DA:158,31
DA:159,31
DA:160,31
DA:167,44
DA:169,25
DA:172,44
DA:192,1
DA:195,105
DA:196,104
DA:200,104
DA:201,104
DA:202,101
DA:203,3
DA:204,1
DA:205,1
DA:206,1
DA:208,2
DA:209,1
DA:210,1
DA:211,1
DA:214,104
DA:216,103
DA:217,58
DA:218,58
DA:219,1
DA:222,103
DA:224,103
DA:238,103
DA:243,105
DA:260,1
DA:262,27
DA:263,26
DA:264,26
DA:266,26
DA:268,26
DA:270,0
DA:271,0
DA:273,26
DA:275,27
DA:292,1
DA:293,20
DA:294,19
DA:295,19
DA:297,19
DA:298,19
DA:301,19
DA:303,20
DA:320,1
DA:321,0
DA:322,0
DA:323,0
DA:326,0
DA:327,0
DA:330,0
DA:331,0
DA:332,0
DA:338,0
DA:355,1
DA:356,76
DA:357,76
DA:358,76
DA:359,5
DA:360,5
DA:361,5
DA:364,76
DA:367,1
DA:369,44
LF:96
LH:85
BRDA:50,1,0,39
BRDA:50,1,1,5
BRDA:52,2,0,25
BRDA:52,2,1,14
BRDA:53,3,0,25
BRDA:53,3,1,14
BRDA:54,4,0,0
BRDA:54,4,1,39
BRDA:56,5,0,25
BRDA:56,5,1,14
BRDA:58,6,0,0
BRDA:58,6,1,39
BRDA:58,7,0,25
BRDA:58,7,1,14
BRDA:59,8,0,0
BRDA:59,8,1,39
BRDA:60,9,0,0
BRDA:60,9,1,39
BRDA:61,10,0,0
BRDA:61,10,1,39
BRDA:64,11,0,0
BRDA:64,11,1,39
BRDA:70,12,0,18
BRDA:70,12,1,21
BRDA:75,13,0,14
BRDA:75,13,1,25
BRDA:80,14,0,16
BRDA:80,14,1,23
BRDA:84,15,0,5
BRDA:84,15,1,34
BRDA:88,16,0,23
BRDA:88,16,1,16
BRDA:92,17,0,19
BRDA:92,17,1,20
BRDA:96,18,0,25
BRDA:96,18,1,14
BRDA:104,19,0,19
BRDA:104,19,1,20
BRDA:114,20,0,25
BRDA:114,20,1,50
BRDA:122,21,0,18
BRDA:122,21,1,7
BRDA:126,22,0,16
BRDA:126,22,1,9
BRDA:130,23,0,5
BRDA:130,23,1,20
BRDA:167,24,0,25
BRDA:167,24,1,19
BRDA:167,25,0,44
BRDA:167,25,1,39
BRDA:167,25,2,25
BRDA:195,26,0,104
BRDA:195,26,1,1
BRDA:197,27,0,45
BRDA:197,27,1,59
BRDA:200,28,0,104
BRDA:200,28,1,0
BRDA:201,29,0,101
BRDA:201,29,1,3
BRDA:201,30,0,104
BRDA:201,30,1,102
BRDA:203,31,0,1
BRDA:203,31,1,2
BRDA:204,32,0,1
BRDA:204,32,1,0
BRDA:208,33,0,1
BRDA:208,33,1,1
BRDA:209,34,0,1
BRDA:209,34,1,0
BRDA:214,35,0,103
BRDA:214,35,1,1
BRDA:216,36,0,58
BRDA:216,36,1,45
BRDA:216,37,0,103
BRDA:216,37,1,58
BRDA:218,38,0,1
BRDA:218,38,1,57
BRDA:262,39,0,26
BRDA:262,39,1,1
BRDA:266,40,0,26
BRDA:266,40,1,0
BRDA:266,41,0,26
BRDA:266,41,1,7
BRDA:293,42,0,19
BRDA:293,42,1,1
BRDA:297,43,0,19
BRDA:297,43,1,0
BRDA:297,44,0,19
BRDA:297,44,1,3
BRDA:321,45,0,0
BRDA:321,45,1,0
BRDA:326,46,0,0
BRDA:326,46,1,0
BRDA:327,47,0,0
BRDA:327,47,1,0
BRDA:327,48,0,0
BRDA:327,48,1,0
BRDA:356,49,0,76
BRDA:356,49,1,0
BRDA:358,50,0,5
BRDA:358,50,1,71
BRDA:358,51,0,76
BRDA:358,51,1,75
BRDA:358,51,2,5
BRF:104
BRH:84
end_of_record
TN:
SF:/Users/joggink/Dropbox/www/clients/depersgroep/web-javascript-libraries/src/classes/toggle.js
FN:38,Toggle
FN:52,(anonymous_2)
FN:53,(anonymous_3)
FN:54,(anonymous_4)
FN:58,(anonymous_5)
FN:62,(anonymous_6)
FN:99,(anonymous_7)
FN:137,(anonymous_8)
FN:149,(anonymous_9)
FN:188,(anonymous_10)
FN:227,(anonymous_11)
FNF:11
FNH:11
FNDA:46,Toggle
FNDA:22,(anonymous_2)
FNDA:7,(anonymous_3)
FNDA:37,(anonymous_4)
FNDA:14,(anonymous_5)
FNDA:30,(anonymous_6)
FNDA:41,(anonymous_7)
FNDA:31,(anonymous_8)
FNDA:7,(anonymous_9)
FNDA:12,(anonymous_10)
FNDA:46,(anonymous_11)
DA:38,1
DA:40,46
DA:42,46
DA:44,38
DA:56,38
DA:57,37
DA:58,10
DA:59,14
DA:62,27
DA:63,30
DA:64,23
DA:66,30
DA:70,38
DA:71,3
DA:75,46
DA:99,1
DA:101,41
DA:102,39
DA:103,24
DA:104,8
DA:106,16
DA:109,15
DA:111,39
DA:114,41
DA:137,1
DA:139,31
DA:141,29
DA:143,29
DA:147,29
DA:149,21
DA:150,7
DA:155,0
DA:156,0
DA:162,29
DA:165,31
DA:188,1
DA:190,12
DA:192,9
DA:193,9
DA:196,9
DA:198,9
DA:199,4
DA:204,12
DA:227,1
DA:229,46
DA:230,46
DA:231,37
DA:232,37
DA:233,37
DA:235,37
DA:238,46
LF:51
LH:49
BRDA:42,1,0,38
BRDA:42,1,1,8
BRDA:45,2,0,37
BRDA:45,2,1,1
BRDA:46,3,0,37
BRDA:46,3,1,1
BRDA:47,4,0,3
BRDA:47,4,1,35
BRDA:48,5,0,11
BRDA:48,5,1,27
BRDA:49,6,0,5
BRDA:49,6,1,33
BRDA:50,7,0,14
BRDA:50,7,1,24
BRDA:51,8,0,14
BRDA:51,8,1,24
BRDA:52,9,0,10
BRDA:52,9,1,28
BRDA:53,10,0,6
BRDA:53,10,1,32
BRDA:54,11,0,1
BRDA:54,11,1,37
BRDA:56,12,0,37
BRDA:56,12,1,1
BRDA:56,13,0,38
BRDA:56,13,1,37
BRDA:57,14,0,10
BRDA:57,14,1,27
BRDA:63,15,0,23
BRDA:63,15,1,7
BRDA:70,16,0,3
BRDA:70,16,1,35
BRDA:101,17,0,39
BRDA:101,17,1,2
BRDA:102,18,0,24
BRDA:102,18,1,15
BRDA:103,19,0,8
BRDA:103,19,1,16
BRDA:139,20,0,29
BRDA:139,20,1,2
BRDA:147,21,0,21
BRDA:147,21,1,8
BRDA:151,22,0,7
BRDA:151,22,1,0
BRDA:153,23,0,0
BRDA:153,23,1,0
BRDA:155,24,0,0
BRDA:155,24,1,0
BRDA:155,25,0,0
BRDA:155,25,1,0
BRDA:190,26,0,9
BRDA:190,26,1,3
BRDA:198,27,0,4
BRDA:198,27,1,5
BRDA:230,28,0,37
BRDA:230,28,1,9
BRF:56
BRH:49
end_of_record
TN:
SF:/Users/joggink/Dropbox/www/clients/depersgroep/web-javascript-libraries/src/classes/dialog.js
FN:29,Dialog
FN:39,(anonymous_2)
FN:40,(anonymous_3)
FN:46,(anonymous_4)
FN:57,(anonymous_5)
FN:60,(anonymous_6)
FN:66,(anonymous_7)
FN:98,(anonymous_8)
FN:132,(anonymous_9)
FN:151,(anonymous_10)
FN:155,(anonymous_11)
FN:164,(anonymous_12)
FNF:12
FNH:12
FNDA:12,Dialog
FNDA:3,(anonymous_2)
FNDA:1,(anonymous_3)
FNDA:5,(anonymous_4)
FNDA:3,(anonymous_5)
FNDA:1,(anonymous_6)
FNDA:1,(anonymous_7)
FNDA:5,(anonymous_8)
FNDA:4,(anonymous_9)
FNDA:12,(anonymous_10)
FNDA:5,(anonymous_11)
FNDA:3,(anonymous_12)
DA:29,1
DA:31,12
DA:32,5
DA:34,5
DA:46,5
DA:48,5
DA:51,5
DA:52,5
DA:58,3
DA:61,1
DA:65,5
DA:66,3
DA:67,1
DA:68,1
DA:69,1
DA:77,12
DA:98,1
DA:100,5
DA:101,3
DA:103,3
DA:111,5
DA:132,1
DA:134,4
DA:135,1
DA:136,1
DA:139,1
DA:147,4
DA:151,1
DA:153,12
DA:154,12
DA:155,5
DA:156,5
DA:157,5
DA:158,5
DA:160,5
DA:163,5
DA:164,3
DA:165,3
DA:172,12
LF:39
LH:39
BRDA:31,1,0,5
BRDA:31,1,1,7
BRDA:35,2,0,5
BRDA:35,2,1,0
BRDA:36,3,0,0
BRDA:36,3,1,5
BRDA:37,4,0,3
BRDA:37,4,1,2
BRDA:38,5,0,0
BRDA:38,5,1,5
BRDA:39,6,0,0
BRDA:39,6,1,5
BRDA:40,7,0,0
BRDA:40,7,1,5
BRDA:51,8,0,5
BRDA:51,8,1,0
BRDA:51,9,0,5
BRDA:51,9,1,5
BRDA:65,10,0,3
BRDA:65,10,1,2
BRDA:68,11,0,1
BRDA:68,11,1,0
BRDA:100,12,0,3
BRDA:100,12,1,2
BRDA:100,13,0,5
BRDA:100,13,1,3
BRDA:100,13,2,3
BRDA:134,14,0,1
BRDA:134,14,1,3
BRDA:135,15,0,1
BRDA:135,15,1,0
BRDA:154,16,0,5
BRDA:154,16,1,7
BRDA:156,17,0,5
BRDA:156,17,1,0
BRDA:163,18,0,3
BRDA:163,18,1,2
BRF:37
BRH:28
end_of_record
TN:
SF:/Users/joggink/Dropbox/www/clients/depersgroep/web-javascript-libraries/src/classes/tabs.js
FN:28,Tabs
FN:36,(anonymous_2)
FN:41,(anonymous_3)
FN:53,(anonymous_4)
FN:84,(anonymous_5)
FN:90,(anonymous_6)
FN:123,(anonymous_7)
FN:156,(anonymous_8)
FN:159,(anonymous_9)
FNF:9
FNH:9
FNDA:12,Tabs
FNDA:2,(anonymous_2)
FNDA:5,(anonymous_3)
FNDA:3,(anonymous_4)
FNDA:5,(anonymous_5)
FNDA:3,(anonymous_6)
FNDA:6,(anonymous_7)
FNDA:12,(anonymous_8)
FNDA:5,(anonymous_9)
DA:28,1
DA:30,12
DA:31,5
DA:33,5
DA:41,5
DA:43,5
DA:45,5
DA:46,4
DA:54,3
DA:63,12
DA:84,1
DA:86,5
DA:87,3
DA:90,3
DA:91,3
DA:94,3
DA:99,3
DA:102,5
DA:123,1
DA:125,6
DA:127,3
DA:129,3
DA:135,6
DA:156,1
DA:158,12
DA:159,5
DA:161,5
DA:162,5
DA:163,4
DA:164,4
DA:169,12
LF:31
LH:31
BRDA:30,1,0,5
BRDA:30,1,1,7
BRDA:34,2,0,5
BRDA:34,2,1,0
BRDA:35,3,0,0
BRDA:35,3,1,5
BRDA:36,4,0,1
BRDA:36,4,1,4
BRDA:37,5,0,0
BRDA:37,5,1,5
BRDA:45,6,0,4
BRDA:45,6,1,1
BRDA:86,7,0,3
BRDA:86,7,1,2
BRDA:86,8,0,5
BRDA:86,8,1,3
BRDA:125,9,0,3
BRDA:125,9,1,3
BRDA:125,10,0,6
BRDA:125,10,1,3
BRDA:158,11,0,5
BRDA:158,11,1,7
BRDA:162,12,0,4
BRDA:162,12,1,1
BRF:24
BRH:21
end_of_record
TN:
SF:/Users/joggink/Dropbox/www/clients/depersgroep/web-javascript-libraries/src/classes/validate.js
FN:24,Validate
FN:39,(anonymous_2)
FN:48,(anonymous_3)
FN:55,(anonymous_4)
FN:83,(anonymous_5)
FN:88,validateRegex
FN:211,(anonymous_7)
FN:231,(anonymous_8)
FN:251,(anonymous_9)
FN:267,(anonymous_10)
FN:308,(anonymous_11)
FNF:11
FNH:8
FNDA:18,Validate
FNDA:130,(anonymous_2)
FNDA:6,(anonymous_3)
FNDA:0,(anonymous_4)
FNDA:20,(anonymous_5)
FNDA:0,validateRegex
FNDA:191,(anonymous_7)
FNDA:36,(anonymous_8)
FNDA:3,(anonymous_9)
FNDA:193,(anonymous_10)
FNDA:0,(anonymous_11)
DA:24,1
DA:26,18
DA:27,14
DA:28,14
DA:34,14
DA:36,13
DA:39,13
DA:40,130
DA:46,13
DA:48,13
DA:49,6
DA:50,1
DA:52,5
DA:55,13
DA:56,0
DA:62,18
DA:83,1
DA:85,20
DA:88,1
DA:89,0
DA:92,0
DA:93,0
DA:94,0
DA:97,0
DA:98,0
DA:99,0
DA:102,0
DA:106,20
DA:107,19
DA:109,190
DA:110,0
DA:112,190
DA:114,190
DA:116,166
DA:119,17
DA:120,0
DA:121,0
DA:122,0
DA:123,0
DA:126,17
DA:128,19
DA:129,0
DA:130,0
DA:132,19
DA:134,130
DA:136,19
DA:137,3
DA:138,3
DA:140,16
DA:142,19
DA:144,38
DA:145,38
DA:146,6
DA:147,6
DA:149,38
DA:152,17
DA:153,0
DA:154,0
DA:156,17
DA:159,17
DA:160,1
DA:161,1
DA:163,17
DA:166,39
DA:167,0
DA:168,0
DA:169,0
DA:170,0
DA:176,24
DA:177,24
DA:181,19
DA:187,20
DA:211,1
DA:213,191
DA:214,191
DA:215,190
DA:216,175
DA:217,17
DA:218,8
DA:221,158
DA:226,191
DA:231,1
DA:233,36
DA:234,35
DA:236,35
DA:237,1
DA:238,1
DA:240,1
DA:241,1
DA:242,1
DA:243,1
DA:248,35
DA:250,35
DA:251,35
DA:252,3
DA:255,35
DA:261,36
DA:267,1
DA:269,193
DA:270,191
DA:271,1
DA:272,1
DA:274,1
DA:275,1
DA:276,1
DA:277,1
DA:282,191
DA:287,193
DA:308,1
DA:309,0
DA:310,0
DA:311,0
DA:313,0
DA:314,0
LF:114
LH:87
BRDA:26,1,0,14
BRDA:26,1,1,4
BRDA:29,2,0,13
BRDA:29,2,1,1
BRDA:31,3,0,0
BRDA:31,3,1,14
BRDA:34,4,0,13
BRDA:34,4,1,1
BRDA:46,5,0,13
BRDA:46,5,1,0
BRDA:49,6,0,1
BRDA:49,6,1,5
BRDA:92,7,0,0
BRDA:92,7,1,0
BRDA:106,8,0,19
BRDA:106,8,1,1
BRDA:109,9,0,0
BRDA:109,9,1,190
BRDA:109,10,0,190
BRDA:109,10,1,190
BRDA:114,11,0,166
BRDA:114,11,1,24
BRDA:116,12,0,17
BRDA:116,12,1,19
BRDA:116,12,2,130
BRDA:119,13,0,0
BRDA:119,13,1,17
BRDA:119,14,0,17
BRDA:119,14,1,0
BRDA:121,15,0,0
BRDA:121,15,1,0
BRDA:128,16,0,0
BRDA:128,16,1,19
BRDA:134,17,0,19
BRDA:134,17,1,38
BRDA:134,17,2,17
BRDA:134,17,3,17
BRDA:134,17,4,39
BRDA:136,18,0,3
BRDA:136,18,1,16
BRDA:145,19,0,6
BRDA:145,19,1,32
BRDA:145,20,0,38
BRDA:145,20,1,32
BRDA:152,21,0,0
BRDA:152,21,1,17
BRDA:159,22,0,1
BRDA:159,22,1,16
BRDA:166,23,0,0
BRDA:166,23,1,39
BRDA:166,24,0,39
BRDA:166,24,1,0
BRDA:168,25,0,0
BRDA:168,25,1,0
BRDA:214,26,0,190
BRDA:214,26,1,1
BRDA:215,27,0,175
BRDA:215,27,1,15
BRDA:215,28,0,190
BRDA:215,28,1,175
BRDA:216,29,0,17
BRDA:216,29,1,158
BRDA:217,30,0,8
BRDA:217,30,1,9
BRDA:233,31,0,35
BRDA:233,31,1,1
BRDA:233,32,0,36
BRDA:233,32,1,1
BRDA:233,32,2,35
BRDA:236,33,0,1
BRDA:236,33,1,34
BRDA:236,34,0,35
BRDA:236,34,1,35
BRDA:237,35,0,1
BRDA:237,35,1,0
BRDA:241,36,0,1
BRDA:241,36,1,0
BRDA:269,37,0,191
BRDA:269,37,1,2
BRDA:270,38,0,1
BRDA:270,38,1,190
BRDA:270,39,0,191
BRDA:270,39,1,191
BRDA:271,40,0,1
BRDA:271,40,1,0
BRDA:275,41,0,1
BRDA:275,41,1,0
BRDA:310,42,0,0
BRDA:310,42,1,0
BRDA:310,43,0,0
BRDA:310,43,1,0
BRF:91
BRH:68
end_of_record
